<?xml version="1.0" encoding="UTF-8"?>
<!-- Generated by org.testng.reporters.JUnitReportReporter -->
<testsuite name="com.vit.regression.HelloWorldTest" tests="11" time="0.018" ignored="0" failures="0" timestamp="22 Apr 2018 12:32:29 GMT" skipped="0" hostname="sujit-mac.local" errors="0">
  <testcase name="testEmailGenerator" time="0.001" classname="com.vit.regression.HelloWorldTest"/>
  <testcase name="helloWorldTest" time="0.008" classname="com.vit.regression.HelloWorldTest"/>
  <testcase name="testEmailGenerator" time="0.001" classname="com.vit.regression.HelloWorldTest"/>
  <testcase name="testEmailGenerator" time="0.001" classname="com.vit.regression.HelloWorldTest"/>
  <testcase name="testEmailGenerator" time="0.001" classname="com.vit.regression.HelloWorldTest"/>
  <testcase name="testEmailGenerator" time="0.003" classname="com.vit.regression.HelloWorldTest"/>
  <testcase name="testEmailGenerator" time="0.000" classname="com.vit.regression.HelloWorldTest"/>
  <testcase name="testEmailGenerator" time="0.001" classname="com.vit.regression.HelloWorldTest"/>
  <testcase name="testEmailGenerator" time="0.001" classname="com.vit.regression.HelloWorldTest"/>
  <testcase name="testEmailGenerator" time="0.001" classname="com.vit.regression.HelloWorldTest"/>
  <testcase name="testEmailGenerator" time="0.000" classname="com.vit.regression.HelloWorldTest"/>
</testsuite> <!-- com.vit.regression.HelloWorldTest -->
